{"C:\\Users\\JankJ\\Documents\\GitHub\\JWKS-Server-2\\server.js": {"path":"C:\\Users\\JankJ\\Documents\\GitHub\\JWKS-Server-2\\server.js","statementMap":{"0":{"start":{"line":1,"column":16},"end":{"line":1,"column":34}},"1":{"start":{"line":2,"column":12},"end":{"line":2,"column":35}},"2":{"start":{"line":3,"column":13},"end":{"line":3,"column":33}},"3":{"start":{"line":4,"column":16},"end":{"line":4,"column":44}},"4":{"start":{"line":5,"column":11},"end":{"line":5,"column":24}},"5":{"start":{"line":6,"column":13},"end":{"line":6,"column":28}},"6":{"start":{"line":8,"column":12},"end":{"line":8,"column":21}},"7":{"start":{"line":9,"column":13},"end":{"line":9,"column":17}},"8":{"start":{"line":12,"column":16},"end":{"line":12,"column":73}},"9":{"start":{"line":16,"column":12},"end":{"line":16,"column":17}},"10":{"start":{"line":20,"column":2},"end":{"line":36,"column":5}},"11":{"start":{"line":21,"column":4},"end":{"line":35,"column":7}},"12":{"start":{"line":22,"column":6},"end":{"line":22,"column":34}},"13":{"start":{"line":22,"column":15},"end":{"line":22,"column":34}},"14":{"start":{"line":24,"column":6},"end":{"line":34,"column":8}},"15":{"start":{"line":31,"column":10},"end":{"line":31,"column":38}},"16":{"start":{"line":31,"column":19},"end":{"line":31,"column":38}},"17":{"start":{"line":32,"column":10},"end":{"line":32,"column":20}},"18":{"start":{"line":41,"column":2},"end":{"line":47,"column":5}},"19":{"start":{"line":42,"column":16},"end":{"line":42,"column":57}},"20":{"start":{"line":43,"column":4},"end":{"line":46,"column":7}},"21":{"start":{"line":44,"column":6},"end":{"line":44,"column":34}},"22":{"start":{"line":44,"column":15},"end":{"line":44,"column":34}},"23":{"start":{"line":45,"column":6},"end":{"line":45,"column":27}},"24":{"start":{"line":52,"column":2},"end":{"line":67,"column":5}},"25":{"start":{"line":53,"column":16},"end":{"line":53,"column":45}},"26":{"start":{"line":56,"column":4},"end":{"line":62,"column":5}},"27":{"start":{"line":57,"column":6},"end":{"line":57,"column":60}},"28":{"start":{"line":58,"column":6},"end":{"line":58,"column":21}},"29":{"start":{"line":60,"column":6},"end":{"line":60,"column":59}},"30":{"start":{"line":61,"column":6},"end":{"line":61,"column":21}},"31":{"start":{"line":63,"column":4},"end":{"line":66,"column":7}},"32":{"start":{"line":64,"column":6},"end":{"line":64,"column":34}},"33":{"start":{"line":64,"column":15},"end":{"line":64,"column":34}},"34":{"start":{"line":65,"column":6},"end":{"line":65,"column":20}},"35":{"start":{"line":72,"column":2},"end":{"line":72,"column":24}},"36":{"start":{"line":77,"column":2},"end":{"line":92,"column":5}},"37":{"start":{"line":78,"column":16},"end":{"line":78,"column":45}},"38":{"start":{"line":81,"column":4},"end":{"line":87,"column":5}},"39":{"start":{"line":82,"column":6},"end":{"line":82,"column":81}},"40":{"start":{"line":83,"column":6},"end":{"line":83,"column":21}},"41":{"start":{"line":85,"column":6},"end":{"line":85,"column":80}},"42":{"start":{"line":86,"column":6},"end":{"line":86,"column":21}},"43":{"start":{"line":88,"column":4},"end":{"line":91,"column":7}},"44":{"start":{"line":89,"column":6},"end":{"line":89,"column":34}},"45":{"start":{"line":89,"column":15},"end":{"line":89,"column":34}},"46":{"start":{"line":90,"column":6},"end":{"line":90,"column":19}},"47":{"start":{"line":97,"column":0},"end":{"line":100,"column":3}},"48":{"start":{"line":98,"column":2},"end":{"line":98,"column":27}},"49":{"start":{"line":98,"column":13},"end":{"line":98,"column":27}},"50":{"start":{"line":99,"column":2},"end":{"line":99,"column":46}},"51":{"start":{"line":99,"column":26},"end":{"line":99,"column":32}},"52":{"start":{"line":103,"column":0},"end":{"line":108,"column":3}},"53":{"start":{"line":104,"column":2},"end":{"line":106,"column":3}},"54":{"start":{"line":105,"column":4},"end":{"line":105,"column":54}},"55":{"start":{"line":107,"column":2},"end":{"line":107,"column":9}},"56":{"start":{"line":111,"column":0},"end":{"line":116,"column":3}},"57":{"start":{"line":112,"column":2},"end":{"line":114,"column":3}},"58":{"start":{"line":113,"column":4},"end":{"line":113,"column":54}},"59":{"start":{"line":115,"column":2},"end":{"line":115,"column":9}},"60":{"start":{"line":119,"column":0},"end":{"line":143,"column":3}},"61":{"start":{"line":120,"column":2},"end":{"line":142,"column":3}},"62":{"start":{"line":121,"column":17},"end":{"line":121,"column":37}},"63":{"start":{"line":123,"column":17},"end":{"line":123,"column":19}},"64":{"start":{"line":124,"column":4},"end":{"line":136,"column":5}},"65":{"start":{"line":125,"column":18},"end":{"line":125,"column":54}},"66":{"start":{"line":127,"column":6},"end":{"line":131,"column":7}},"67":{"start":{"line":128,"column":8},"end":{"line":128,"column":37}},"68":{"start":{"line":132,"column":24},"end":{"line":132,"column":36}},"69":{"start":{"line":134,"column":6},"end":{"line":134,"column":41}},"70":{"start":{"line":135,"column":6},"end":{"line":135,"column":27}},"71":{"start":{"line":137,"column":4},"end":{"line":137,"column":54}},"72":{"start":{"line":138,"column":4},"end":{"line":138,"column":29}},"73":{"start":{"line":140,"column":4},"end":{"line":140,"column":47}},"74":{"start":{"line":141,"column":4},"end":{"line":141,"column":50}},"75":{"start":{"line":146,"column":0},"end":{"line":187,"column":3}},"76":{"start":{"line":147,"column":2},"end":{"line":186,"column":3}},"77":{"start":{"line":148,"column":25},"end":{"line":148,"column":53}},"78":{"start":{"line":149,"column":16},"end":{"line":149,"column":45}},"79":{"start":{"line":150,"column":4},"end":{"line":152,"column":5}},"80":{"start":{"line":151,"column":6},"end":{"line":151,"column":59}},"81":{"start":{"line":154,"column":23},"end":{"line":154,"column":30}},"82":{"start":{"line":155,"column":16},"end":{"line":155,"column":34}},"83":{"start":{"line":156,"column":16},"end":{"line":156,"column":45}},"84":{"start":{"line":159,"column":4},"end":{"line":172,"column":5}},"85":{"start":{"line":161,"column":6},"end":{"line":165,"column":8}},"86":{"start":{"line":167,"column":6},"end":{"line":171,"column":8}},"87":{"start":{"line":173,"column":20},"end":{"line":180,"column":5}},"88":{"start":{"line":181,"column":19},"end":{"line":181,"column":57}},"89":{"start":{"line":182,"column":4},"end":{"line":182,"column":21}},"90":{"start":{"line":184,"column":4},"end":{"line":184,"column":45}},"91":{"start":{"line":185,"column":4},"end":{"line":185,"column":50}},"92":{"start":{"line":192,"column":2},"end":{"line":229,"column":5}},"93":{"start":{"line":193,"column":16},"end":{"line":193,"column":45}},"94":{"start":{"line":194,"column":4},"end":{"line":228,"column":7}},"95":{"start":{"line":195,"column":6},"end":{"line":195,"column":34}},"96":{"start":{"line":195,"column":15},"end":{"line":195,"column":34}},"97":{"start":{"line":196,"column":6},"end":{"line":227,"column":7}},"98":{"start":{"line":198,"column":8},"end":{"line":224,"column":11}},"99":{"start":{"line":199,"column":10},"end":{"line":199,"column":38}},"100":{"start":{"line":199,"column":19},"end":{"line":199,"column":38}},"101":{"start":{"line":200,"column":10},"end":{"line":223,"column":13}},"102":{"start":{"line":201,"column":12},"end":{"line":201,"column":40}},"103":{"start":{"line":201,"column":21},"end":{"line":201,"column":40}},"104":{"start":{"line":203,"column":29},"end":{"line":203,"column":61}},"105":{"start":{"line":204,"column":31},"end":{"line":204,"column":69}},"106":{"start":{"line":207,"column":12},"end":{"line":212,"column":13}},"107":{"start":{"line":208,"column":31},"end":{"line":208,"column":98}},"108":{"start":{"line":209,"column":31},"end":{"line":209,"column":51}},"109":{"start":{"line":210,"column":31},"end":{"line":210,"column":41}},"110":{"start":{"line":211,"column":14},"end":{"line":211,"column":48}},"111":{"start":{"line":215,"column":12},"end":{"line":220,"column":13}},"112":{"start":{"line":216,"column":33},"end":{"line":216,"column":100}},"113":{"start":{"line":217,"column":33},"end":{"line":217,"column":55}},"114":{"start":{"line":218,"column":33},"end":{"line":218,"column":41}},"115":{"start":{"line":219,"column":14},"end":{"line":219,"column":52}},"116":{"start":{"line":222,"column":12},"end":{"line":222,"column":22}},"117":{"start":{"line":226,"column":8},"end":{"line":226,"column":18}},"118":{"start":{"line":233,"column":0},"end":{"line":246,"column":5}},"119":{"start":{"line":234,"column":14},"end":{"line":234,"column":30}},"120":{"start":{"line":236,"column":4},"end":{"line":236,"column":17}},"121":{"start":{"line":237,"column":4},"end":{"line":241,"column":5}},"122":{"start":{"line":238,"column":6},"end":{"line":240,"column":9}},"123":{"start":{"line":239,"column":8},"end":{"line":239,"column":66}},"124":{"start":{"line":244,"column":4},"end":{"line":244,"column":50}},"125":{"start":{"line":245,"column":4},"end":{"line":245,"column":20}},"126":{"start":{"line":249,"column":0},"end":{"line":252,"column":3}},"127":{"start":{"line":250,"column":2},"end":{"line":250,"column":27}},"128":{"start":{"line":250,"column":13},"end":{"line":250,"column":27}},"129":{"start":{"line":251,"column":2},"end":{"line":251,"column":46}},"130":{"start":{"line":251,"column":26},"end":{"line":251,"column":32}},"131":{"start":{"line":255,"column":0},"end":{"line":255,"column":21}}},"fnMap":{"0":{"name":"openDatabase","decl":{"start":{"line":19,"column":9},"end":{"line":19,"column":21}},"loc":{"start":{"line":19,"column":24},"end":{"line":37,"column":1}},"line":19},"1":{"name":"(anonymous_1)","decl":{"start":{"line":20,"column":21},"end":{"line":20,"column":22}},"loc":{"start":{"line":20,"column":42},"end":{"line":36,"column":3}},"line":20},"2":{"name":"(anonymous_2)","decl":{"start":{"line":21,"column":85},"end":{"line":21,"column":86}},"loc":{"start":{"line":21,"column":94},"end":{"line":35,"column":5}},"line":21},"3":{"name":"(anonymous_3)","decl":{"start":{"line":30,"column":8},"end":{"line":30,"column":9}},"loc":{"start":{"line":30,"column":17},"end":{"line":33,"column":9}},"line":30},"4":{"name":"saveKey","decl":{"start":{"line":40,"column":9},"end":{"line":40,"column":16}},"loc":{"start":{"line":40,"column":27},"end":{"line":48,"column":1}},"line":40},"5":{"name":"(anonymous_5)","decl":{"start":{"line":41,"column":21},"end":{"line":41,"column":22}},"loc":{"start":{"line":41,"column":42},"end":{"line":47,"column":3}},"line":41},"6":{"name":"(anonymous_6)","decl":{"start":{"line":43,"column":28},"end":{"line":43,"column":29}},"loc":{"start":{"line":43,"column":43},"end":{"line":46,"column":5}},"line":43},"7":{"name":"getKeys","decl":{"start":{"line":51,"column":9},"end":{"line":51,"column":16}},"loc":{"start":{"line":51,"column":30},"end":{"line":68,"column":1}},"line":51},"8":{"name":"(anonymous_8)","decl":{"start":{"line":52,"column":21},"end":{"line":52,"column":22}},"loc":{"start":{"line":52,"column":42},"end":{"line":67,"column":3}},"line":52},"9":{"name":"(anonymous_9)","decl":{"start":{"line":63,"column":24},"end":{"line":63,"column":25}},"loc":{"start":{"line":63,"column":39},"end":{"line":66,"column":5}},"line":63},"10":{"name":"getValidKeys","decl":{"start":{"line":71,"column":9},"end":{"line":71,"column":21}},"loc":{"start":{"line":71,"column":24},"end":{"line":73,"column":1}},"line":71},"11":{"name":"getOneKey","decl":{"start":{"line":76,"column":9},"end":{"line":76,"column":18}},"loc":{"start":{"line":76,"column":32},"end":{"line":93,"column":1}},"line":76},"12":{"name":"(anonymous_12)","decl":{"start":{"line":77,"column":21},"end":{"line":77,"column":22}},"loc":{"start":{"line":77,"column":42},"end":{"line":92,"column":3}},"line":77},"13":{"name":"(anonymous_13)","decl":{"start":{"line":88,"column":24},"end":{"line":88,"column":25}},"loc":{"start":{"line":88,"column":38},"end":{"line":91,"column":5}},"line":88},"14":{"name":"(anonymous_14)","decl":{"start":{"line":97,"column":8},"end":{"line":97,"column":9}},"loc":{"start":{"line":97,"column":28},"end":{"line":100,"column":1}},"line":97},"15":{"name":"(anonymous_15)","decl":{"start":{"line":99,"column":20},"end":{"line":99,"column":21}},"loc":{"start":{"line":99,"column":26},"end":{"line":99,"column":32}},"line":99},"16":{"name":"(anonymous_16)","decl":{"start":{"line":103,"column":17},"end":{"line":103,"column":18}},"loc":{"start":{"line":103,"column":37},"end":{"line":108,"column":1}},"line":103},"17":{"name":"(anonymous_17)","decl":{"start":{"line":111,"column":34},"end":{"line":111,"column":35}},"loc":{"start":{"line":111,"column":54},"end":{"line":116,"column":1}},"line":111},"18":{"name":"(anonymous_18)","decl":{"start":{"line":119,"column":34},"end":{"line":119,"column":35}},"loc":{"start":{"line":119,"column":54},"end":{"line":143,"column":1}},"line":119},"19":{"name":"(anonymous_19)","decl":{"start":{"line":146,"column":18},"end":{"line":146,"column":19}},"loc":{"start":{"line":146,"column":38},"end":{"line":187,"column":1}},"line":146},"20":{"name":"ensureKeysInDb","decl":{"start":{"line":190,"column":15},"end":{"line":190,"column":29}},"loc":{"start":{"line":190,"column":32},"end":{"line":230,"column":1}},"line":190},"21":{"name":"(anonymous_21)","decl":{"start":{"line":192,"column":21},"end":{"line":192,"column":22}},"loc":{"start":{"line":192,"column":42},"end":{"line":229,"column":3}},"line":192},"22":{"name":"(anonymous_22)","decl":{"start":{"line":194,"column":49},"end":{"line":194,"column":50}},"loc":{"start":{"line":194,"column":74},"end":{"line":228,"column":5}},"line":194},"23":{"name":"(anonymous_23)","decl":{"start":{"line":198,"column":77},"end":{"line":198,"column":78}},"loc":{"start":{"line":198,"column":102},"end":{"line":224,"column":9}},"line":198},"24":{"name":"(anonymous_24)","decl":{"start":{"line":200,"column":82},"end":{"line":200,"column":83}},"loc":{"start":{"line":200,"column":109},"end":{"line":223,"column":11}},"line":200},"25":{"name":"(anonymous_25)","decl":{"start":{"line":234,"column":8},"end":{"line":234,"column":9}},"loc":{"start":{"line":234,"column":14},"end":{"line":234,"column":30}},"line":234},"26":{"name":"(anonymous_26)","decl":{"start":{"line":235,"column":8},"end":{"line":235,"column":9}},"loc":{"start":{"line":235,"column":14},"end":{"line":242,"column":3}},"line":235},"27":{"name":"(anonymous_27)","decl":{"start":{"line":238,"column":23},"end":{"line":238,"column":24}},"loc":{"start":{"line":238,"column":29},"end":{"line":240,"column":7}},"line":238},"28":{"name":"(anonymous_28)","decl":{"start":{"line":243,"column":9},"end":{"line":243,"column":10}},"loc":{"start":{"line":243,"column":18},"end":{"line":246,"column":3}},"line":243},"29":{"name":"(anonymous_29)","decl":{"start":{"line":249,"column":8},"end":{"line":249,"column":9}},"loc":{"start":{"line":249,"column":28},"end":{"line":252,"column":1}},"line":249},"30":{"name":"(anonymous_30)","decl":{"start":{"line":251,"column":20},"end":{"line":251,"column":21}},"loc":{"start":{"line":251,"column":26},"end":{"line":251,"column":32}},"line":251}},"branchMap":{"0":{"loc":{"start":{"line":22,"column":6},"end":{"line":22,"column":34}},"type":"if","locations":[{"start":{"line":22,"column":6},"end":{"line":22,"column":34}},{"start":{},"end":{}}],"line":22},"1":{"loc":{"start":{"line":31,"column":10},"end":{"line":31,"column":38}},"type":"if","locations":[{"start":{"line":31,"column":10},"end":{"line":31,"column":38}},{"start":{},"end":{}}],"line":31},"2":{"loc":{"start":{"line":44,"column":6},"end":{"line":44,"column":34}},"type":"if","locations":[{"start":{"line":44,"column":6},"end":{"line":44,"column":34}},{"start":{},"end":{}}],"line":44},"3":{"loc":{"start":{"line":56,"column":4},"end":{"line":62,"column":5}},"type":"if","locations":[{"start":{"line":56,"column":4},"end":{"line":62,"column":5}},{"start":{"line":59,"column":11},"end":{"line":62,"column":5}}],"line":56},"4":{"loc":{"start":{"line":64,"column":6},"end":{"line":64,"column":34}},"type":"if","locations":[{"start":{"line":64,"column":6},"end":{"line":64,"column":34}},{"start":{},"end":{}}],"line":64},"5":{"loc":{"start":{"line":81,"column":4},"end":{"line":87,"column":5}},"type":"if","locations":[{"start":{"line":81,"column":4},"end":{"line":87,"column":5}},{"start":{"line":84,"column":11},"end":{"line":87,"column":5}}],"line":81},"6":{"loc":{"start":{"line":89,"column":6},"end":{"line":89,"column":34}},"type":"if","locations":[{"start":{"line":89,"column":6},"end":{"line":89,"column":34}},{"start":{},"end":{}}],"line":89},"7":{"loc":{"start":{"line":98,"column":2},"end":{"line":98,"column":27}},"type":"if","locations":[{"start":{"line":98,"column":2},"end":{"line":98,"column":27}},{"start":{},"end":{}}],"line":98},"8":{"loc":{"start":{"line":104,"column":2},"end":{"line":106,"column":3}},"type":"if","locations":[{"start":{"line":104,"column":2},"end":{"line":106,"column":3}},{"start":{},"end":{}}],"line":104},"9":{"loc":{"start":{"line":112,"column":2},"end":{"line":114,"column":3}},"type":"if","locations":[{"start":{"line":112,"column":2},"end":{"line":114,"column":3}},{"start":{},"end":{}}],"line":112},"10":{"loc":{"start":{"line":150,"column":4},"end":{"line":152,"column":5}},"type":"if","locations":[{"start":{"line":150,"column":4},"end":{"line":152,"column":5}},{"start":{},"end":{}}],"line":150},"11":{"loc":{"start":{"line":159,"column":4},"end":{"line":172,"column":5}},"type":"if","locations":[{"start":{"line":159,"column":4},"end":{"line":172,"column":5}},{"start":{"line":166,"column":11},"end":{"line":172,"column":5}}],"line":159},"12":{"loc":{"start":{"line":195,"column":6},"end":{"line":195,"column":34}},"type":"if","locations":[{"start":{"line":195,"column":6},"end":{"line":195,"column":34}},{"start":{},"end":{}}],"line":195},"13":{"loc":{"start":{"line":199,"column":10},"end":{"line":199,"column":38}},"type":"if","locations":[{"start":{"line":199,"column":10},"end":{"line":199,"column":38}},{"start":{},"end":{}}],"line":199},"14":{"loc":{"start":{"line":201,"column":12},"end":{"line":201,"column":40}},"type":"if","locations":[{"start":{"line":201,"column":12},"end":{"line":201,"column":40}},{"start":{},"end":{}}],"line":201},"15":{"loc":{"start":{"line":203,"column":29},"end":{"line":203,"column":61}},"type":"cond-expr","locations":[{"start":{"line":203,"column":40},"end":{"line":203,"column":57}},{"start":{"line":203,"column":60},"end":{"line":203,"column":61}}],"line":203},"16":{"loc":{"start":{"line":204,"column":31},"end":{"line":204,"column":69}},"type":"cond-expr","locations":[{"start":{"line":204,"column":44},"end":{"line":204,"column":65}},{"start":{"line":204,"column":68},"end":{"line":204,"column":69}}],"line":204},"17":{"loc":{"start":{"line":207,"column":12},"end":{"line":212,"column":13}},"type":"if","locations":[{"start":{"line":207,"column":12},"end":{"line":212,"column":13}},{"start":{},"end":{}}],"line":207},"18":{"loc":{"start":{"line":215,"column":12},"end":{"line":220,"column":13}},"type":"if","locations":[{"start":{"line":215,"column":12},"end":{"line":220,"column":13}},{"start":{},"end":{}}],"line":215},"19":{"loc":{"start":{"line":237,"column":4},"end":{"line":241,"column":5}},"type":"if","locations":[{"start":{"line":237,"column":4},"end":{"line":241,"column":5}},{"start":{},"end":{}}],"line":237},"20":{"loc":{"start":{"line":250,"column":2},"end":{"line":250,"column":27}},"type":"if","locations":[{"start":{"line":250,"column":2},"end":{"line":250,"column":27}},{"start":{},"end":{}}],"line":250}},"s":{"0":1,"1":1,"2":1,"3":1,"4":1,"5":1,"6":1,"7":1,"8":1,"9":1,"10":1,"11":1,"12":1,"13":0,"14":1,"15":1,"16":0,"17":1,"18":0,"19":0,"20":0,"21":0,"22":0,"23":0,"24":1,"25":1,"26":1,"27":0,"28":0,"29":1,"30":1,"31":1,"32":1,"33":0,"34":1,"35":1,"36":2,"37":2,"38":2,"39":1,"40":1,"41":1,"42":1,"43":2,"44":2,"45":0,"46":2,"47":1,"48":5,"49":4,"50":1,"51":1,"52":1,"53":3,"54":1,"55":2,"56":1,"57":2,"58":1,"59":1,"60":1,"61":1,"62":1,"63":1,"64":1,"65":1,"66":1,"67":1,"68":1,"69":1,"70":1,"71":1,"72":1,"73":0,"74":0,"75":1,"76":2,"77":2,"78":2,"79":2,"80":0,"81":2,"82":2,"83":2,"84":2,"85":1,"86":1,"87":2,"88":2,"89":2,"90":0,"91":0,"92":1,"93":1,"94":1,"95":1,"96":0,"97":1,"98":1,"99":1,"100":0,"101":1,"102":1,"103":0,"104":1,"105":1,"106":1,"107":0,"108":0,"109":0,"110":0,"111":1,"112":0,"113":0,"114":0,"115":0,"116":1,"117":0,"118":1,"119":1,"120":1,"121":1,"122":0,"123":0,"124":0,"125":0,"126":1,"127":0,"128":0,"129":0,"130":0,"131":1},"f":{"0":1,"1":1,"2":1,"3":1,"4":0,"5":0,"6":0,"7":1,"8":1,"9":1,"10":1,"11":2,"12":2,"13":2,"14":5,"15":1,"16":3,"17":2,"18":1,"19":2,"20":1,"21":1,"22":1,"23":1,"24":1,"25":1,"26":1,"27":0,"28":0,"29":0,"30":0},"b":{"0":[0,1],"1":[0,1],"2":[0,0],"3":[0,1],"4":[0,1],"5":[1,1],"6":[0,2],"7":[4,1],"8":[1,2],"9":[1,1],"10":[0,2],"11":[1,1],"12":[0,1],"13":[0,1],"14":[0,1],"15":[1,0],"16":[1,0],"17":[0,1],"18":[0,1],"19":[0,1],"20":[0,0]},"_coverageSchema":"1a1c01bbd47fc00a2c39e90264f33305004495a9","hash":"e7960bf11f0c6dc46f13e415e3bdb631bfae2ea1"}
}
