TN:
SF:server.js
FN:19,openDatabase
FN:20,(anonymous_1)
FN:21,(anonymous_2)
FN:30,(anonymous_3)
FN:40,saveKey
FN:41,(anonymous_5)
FN:43,(anonymous_6)
FN:51,getKeys
FN:52,(anonymous_8)
FN:63,(anonymous_9)
FN:71,getValidKeys
FN:76,getOneKey
FN:77,(anonymous_12)
FN:88,(anonymous_13)
FN:97,(anonymous_14)
FN:99,(anonymous_15)
FN:103,(anonymous_16)
FN:111,(anonymous_17)
FN:119,(anonymous_18)
FN:146,(anonymous_19)
FN:190,ensureKeysInDb
FN:192,(anonymous_21)
FN:194,(anonymous_22)
FN:198,(anonymous_23)
FN:200,(anonymous_24)
FN:234,(anonymous_25)
FN:235,(anonymous_26)
FN:238,(anonymous_27)
FN:243,(anonymous_28)
FN:249,(anonymous_29)
FN:251,(anonymous_30)
FNF:31
FNH:24
FNDA:1,openDatabase
FNDA:1,(anonymous_1)
FNDA:1,(anonymous_2)
FNDA:1,(anonymous_3)
FNDA:0,saveKey
FNDA:0,(anonymous_5)
FNDA:0,(anonymous_6)
FNDA:1,getKeys
FNDA:1,(anonymous_8)
FNDA:1,(anonymous_9)
FNDA:1,getValidKeys
FNDA:2,getOneKey
FNDA:2,(anonymous_12)
FNDA:2,(anonymous_13)
FNDA:5,(anonymous_14)
FNDA:1,(anonymous_15)
FNDA:3,(anonymous_16)
FNDA:2,(anonymous_17)
FNDA:1,(anonymous_18)
FNDA:2,(anonymous_19)
FNDA:1,ensureKeysInDb
FNDA:1,(anonymous_21)
FNDA:1,(anonymous_22)
FNDA:1,(anonymous_23)
FNDA:1,(anonymous_24)
FNDA:1,(anonymous_25)
FNDA:1,(anonymous_26)
FNDA:0,(anonymous_27)
FNDA:0,(anonymous_28)
FNDA:0,(anonymous_29)
FNDA:0,(anonymous_30)
DA:1,1
DA:2,1
DA:3,1
DA:4,1
DA:5,1
DA:6,1
DA:8,1
DA:9,1
DA:12,1
DA:16,1
DA:20,1
DA:21,1
DA:22,1
DA:24,1
DA:31,1
DA:32,1
DA:41,0
DA:42,0
DA:43,0
DA:44,0
DA:45,0
DA:52,1
DA:53,1
DA:56,1
DA:57,0
DA:58,0
DA:60,1
DA:61,1
DA:63,1
DA:64,1
DA:65,1
DA:72,1
DA:77,2
DA:78,2
DA:81,2
DA:82,1
DA:83,1
DA:85,1
DA:86,1
DA:88,2
DA:89,2
DA:90,2
DA:97,1
DA:98,5
DA:99,1
DA:103,1
DA:104,3
DA:105,1
DA:107,2
DA:111,1
DA:112,2
DA:113,1
DA:115,1
DA:119,1
DA:120,1
DA:121,1
DA:123,1
DA:124,1
DA:125,1
DA:127,1
DA:128,1
DA:132,1
DA:134,1
DA:135,1
DA:137,1
DA:138,1
DA:140,0
DA:141,0
DA:146,1
DA:147,2
DA:148,2
DA:149,2
DA:150,2
DA:151,0
DA:154,2
DA:155,2
DA:156,2
DA:159,2
DA:161,1
DA:167,1
DA:173,2
DA:181,2
DA:182,2
DA:184,0
DA:185,0
DA:192,1
DA:193,1
DA:194,1
DA:195,1
DA:196,1
DA:198,1
DA:199,1
DA:200,1
DA:201,1
DA:203,1
DA:204,1
DA:207,1
DA:208,0
DA:209,0
DA:210,0
DA:211,0
DA:215,1
DA:216,0
DA:217,0
DA:218,0
DA:219,0
DA:222,1
DA:226,0
DA:233,1
DA:234,1
DA:236,1
DA:237,1
DA:238,0
DA:239,0
DA:244,0
DA:245,0
DA:249,1
DA:250,0
DA:251,0
DA:255,1
LF:120
LH:93
BRDA:22,0,0,0
BRDA:22,0,1,1
BRDA:31,1,0,0
BRDA:31,1,1,1
BRDA:44,2,0,0
BRDA:44,2,1,0
BRDA:56,3,0,0
BRDA:56,3,1,1
BRDA:64,4,0,0
BRDA:64,4,1,1
BRDA:81,5,0,1
BRDA:81,5,1,1
BRDA:89,6,0,0
BRDA:89,6,1,2
BRDA:98,7,0,4
BRDA:98,7,1,1
BRDA:104,8,0,1
BRDA:104,8,1,2
BRDA:112,9,0,1
BRDA:112,9,1,1
BRDA:150,10,0,0
BRDA:150,10,1,2
BRDA:159,11,0,1
BRDA:159,11,1,1
BRDA:195,12,0,0
BRDA:195,12,1,1
BRDA:199,13,0,0
BRDA:199,13,1,1
BRDA:201,14,0,0
BRDA:201,14,1,1
BRDA:203,15,0,1
BRDA:203,15,1,0
BRDA:204,16,0,1
BRDA:204,16,1,0
BRDA:207,17,0,0
BRDA:207,17,1,1
BRDA:215,18,0,0
BRDA:215,18,1,1
BRDA:237,19,0,0
BRDA:237,19,1,1
BRDA:250,20,0,0
BRDA:250,20,1,0
BRF:42
BRH:24
end_of_record
